{"/home/ozzy/Escritorio/distributed_containers/src/app.module.ts": {"path":"/home/ozzy/Escritorio/distributed_containers/src/app.module.ts","statementMap":{"0":{"start":{"line":1,"column":0},"end":{"line":1,"column":40}},"1":{"start":{"line":2,"column":0},"end":{"line":2,"column":46}},"2":{"start":{"line":3,"column":0},"end":{"line":3,"column":50}},"3":{"start":{"line":4,"column":0},"end":{"line":4,"column":61}},"4":{"start":{"line":5,"column":0},"end":{"line":5,"column":67}},"5":{"start":{"line":6,"column":0},"end":{"line":6,"column":70}},"6":{"start":{"line":8,"column":0},"end":{"line":8,"column":58}},"7":{"start":{"line":9,"column":0},"end":{"line":9,"column":27}},"8":{"start":{"line":31,"column":7},"end":{"line":31,"column":null}},"9":{"start":{"line":31,"column":13},"end":{"line":31,"column":22}},"10":{"start":{"line":31,"column":13},"end":{"line":31,"column":null}}},"fnMap":{},"branchMap":{},"s":{"0":0,"1":0,"2":0,"3":0,"4":0,"5":0,"6":0,"7":0,"8":0,"9":0,"10":0},"f":{},"b":{}}
,"/home/ozzy/Escritorio/distributed_containers/src/main.ts": {"path":"/home/ozzy/Escritorio/distributed_containers/src/main.ts","statementMap":{"0":{"start":{"line":1,"column":0},"end":{"line":1,"column":43}},"1":{"start":{"line":2,"column":0},"end":{"line":2,"column":41}},"2":{"start":{"line":3,"column":0},"end":{"line":3,"column":71}},"3":{"start":{"line":4,"column":0},"end":{"line":4,"column":48}},"4":{"start":{"line":7,"column":14},"end":{"line":7,"column":49}},"5":{"start":{"line":8,"column":2},"end":{"line":17,"column":5}},"6":{"start":{"line":19,"column":2},"end":{"line":26,"column":4}},"7":{"start":{"line":28,"column":2},"end":{"line":28,"column":36}},"8":{"start":{"line":30,"column":2},"end":{"line":30,"column":25}},"9":{"start":{"line":32,"column":0},"end":{"line":32,"column":12}}},"fnMap":{"0":{"name":"bootstrap","decl":{"start":{"line":6,"column":15},"end":{"line":6,"column":24}},"loc":{"start":{"line":6,"column":24},"end":{"line":31,"column":1}}}},"branchMap":{},"s":{"0":0,"1":0,"2":0,"3":0,"4":0,"5":0,"6":0,"7":0,"8":0,"9":0},"f":{"0":0},"b":{}}
,"/home/ozzy/Escritorio/distributed_containers/src/common/guards/header-auth.guard.ts": {"path":"/home/ozzy/Escritorio/distributed_containers/src/common/guards/header-auth.guard.ts","statementMap":{"0":{"start":{"line":1,"column":0},"end":{"line":1,"column":null}},"1":{"start":{"line":7,"column":0},"end":{"line":7,"column":66}},"2":{"start":{"line":10,"column":7},"end":{"line":33,"column":null}},"3":{"start":{"line":12,"column":23},"end":{"line":12,"column":27}},"4":{"start":{"line":13,"column":24},"end":{"line":13,"column":59}},"5":{"start":{"line":14,"column":25},"end":{"line":14,"column":55}},"6":{"start":{"line":15,"column":22},"end":{"line":15,"column":49}},"7":{"start":{"line":17,"column":8},"end":{"line":19,"column":9}},"8":{"start":{"line":18,"column":12},"end":{"line":18,"column":95}},"9":{"start":{"line":21,"column":8},"end":{"line":23,"column":9}},"10":{"start":{"line":22,"column":12},"end":{"line":22,"column":111}},"11":{"start":{"line":25,"column":8},"end":{"line":29,"column":9}},"12":{"start":{"line":26,"column":12},"end":{"line":26,"column":null}},"13":{"start":{"line":28,"column":12},"end":{"line":28,"column":82}},"14":{"start":{"line":31,"column":8},"end":{"line":31,"column":24}},"15":{"start":{"line":10,"column":13},"end":{"line":10,"column":28}},"16":{"start":{"line":10,"column":13},"end":{"line":33,"column":null}}},"fnMap":{"0":{"name":"(anonymous_1)","decl":{"start":{"line":11,"column":4},"end":{"line":11,"column":15}},"loc":{"start":{"line":11,"column":41},"end":{"line":32,"column":5}}}},"branchMap":{"0":{"loc":{"start":{"line":17,"column":8},"end":{"line":19,"column":9}},"type":"if","locations":[{"start":{"line":17,"column":8},"end":{"line":19,"column":9}}]},"1":{"loc":{"start":{"line":17,"column":12},"end":{"line":17,"column":31}},"type":"binary-expr","locations":[{"start":{"line":17,"column":12},"end":{"line":17,"column":21}},{"start":{"line":17,"column":25},"end":{"line":17,"column":31}}]},"2":{"loc":{"start":{"line":21,"column":8},"end":{"line":23,"column":9}},"type":"if","locations":[{"start":{"line":21,"column":8},"end":{"line":23,"column":9}}]}},"s":{"0":2,"1":2,"2":2,"3":0,"4":0,"5":0,"6":0,"7":0,"8":0,"9":0,"10":0,"11":0,"12":0,"13":0,"14":0,"15":2,"16":2},"f":{"0":0},"b":{"0":[0],"1":[0,0],"2":[0]}}
,"/home/ozzy/Escritorio/distributed_containers/src/common/service/encryption.service.ts": {"path":"/home/ozzy/Escritorio/distributed_containers/src/common/service/encryption.service.ts","statementMap":{"0":{"start":{"line":1,"column":0},"end":{"line":1,"column":33}},"1":{"start":{"line":4,"column":32},"end":{"line":4,"column":79}},"2":{"start":{"line":5,"column":30},"end":{"line":5,"column":52}},"3":{"start":{"line":6,"column":37},"end":{"line":6,"column":50}},"4":{"start":{"line":9,"column":21},"end":{"line":9,"column":96}},"5":{"start":{"line":10,"column":22},"end":{"line":10,"column":75}},"6":{"start":{"line":11,"column":6},"end":{"line":11,"column":39}},"7":{"start":{"line":13,"column":20},"end":{"line":13,"column":49}},"8":{"start":{"line":15,"column":6},"end":{"line":15,"column":38}},"9":{"start":{"line":19,"column":23},"end":{"line":19,"column":109}},"10":{"start":{"line":20,"column":22},"end":{"line":20,"column":63}},"11":{"start":{"line":21,"column":6},"end":{"line":21,"column":42}},"12":{"start":{"line":22,"column":6},"end":{"line":22,"column":35}},"13":{"start":{"line":3,"column":0},"end":{"line":3,"column":13}}},"fnMap":{"0":{"name":"(anonymous_0)","decl":{"start":{"line":8,"column":4},"end":{"line":8,"column":10}},"loc":{"start":{"line":8,"column":34},"end":{"line":16,"column":5}}},"1":{"name":"(anonymous_1)","decl":{"start":{"line":18,"column":4},"end":{"line":18,"column":10}},"loc":{"start":{"line":18,"column":48},"end":{"line":23,"column":5}}}},"branchMap":{},"s":{"0":4,"1":4,"2":4,"3":4,"4":0,"5":0,"6":0,"7":0,"8":0,"9":0,"10":0,"11":0,"12":0,"13":4},"f":{"0":0,"1":0},"b":{}}
,"/home/ozzy/Escritorio/distributed_containers/src/container/controller/container.controller.ts": {"path":"/home/ozzy/Escritorio/distributed_containers/src/container/controller/container.controller.ts","statementMap":{"0":{"start":{"line":1,"column":0},"end":{"line":1,"column":82}},"1":{"start":{"line":2,"column":0},"end":{"line":2,"column":44}},"2":{"start":{"line":4,"column":0},"end":{"line":4,"column":72}},"3":{"start":{"line":8,"column":7},"end":{"line":28,"column":null}},"4":{"start":{"line":11,"column":25},"end":{"line":11,"column":60}},"5":{"start":{"line":18,"column":8},"end":{"line":18,"column":null}},"6":{"start":{"line":26,"column":8},"end":{"line":26,"column":null}},"7":{"start":{"line":8,"column":13},"end":{"line":8,"column":32}},"8":{"start":{"line":15,"column":10},"end":{"line":19,"column":null}},"9":{"start":{"line":22,"column":10},"end":{"line":27,"column":null}},"10":{"start":{"line":8,"column":13},"end":{"line":28,"column":null}}},"fnMap":{"0":{"name":"(anonymous_4)","decl":{"start":{"line":9,"column":4},"end":{"line":9,"column":null}},"loc":{"start":{"line":11,"column":60},"end":{"line":12,"column":8}}},"1":{"name":"(anonymous_5)","decl":{"start":{"line":15,"column":4},"end":{"line":15,"column":9}},"loc":{"start":{"line":16,"column":32},"end":{"line":19,"column":5}}},"2":{"name":"(anonymous_6)","decl":{"start":{"line":22,"column":4},"end":{"line":22,"column":9}},"loc":{"start":{"line":24,"column":34},"end":{"line":27,"column":5}}}},"branchMap":{"0":{"loc":{"start":{"line":23,"column":23},"end":{"line":23,"column":31}},"type":"default-arg","locations":[{"start":{"line":23,"column":30},"end":{"line":23,"column":31}}]},"1":{"loc":{"start":{"line":24,"column":24},"end":{"line":24,"column":34}},"type":"default-arg","locations":[{"start":{"line":24,"column":32},"end":{"line":24,"column":34}}]}},"s":{"0":1,"1":1,"2":1,"3":1,"4":3,"5":1,"6":1,"7":1,"8":1,"9":1,"10":1},"f":{"0":3,"1":1,"2":1},"b":{"0":[0],"1":[0]}}
,"/home/ozzy/Escritorio/distributed_containers/src/container/dto/param.dto.ts": {"path":"/home/ozzy/Escritorio/distributed_containers/src/container/dto/param.dto.ts","statementMap":{"0":{"start":{"line":1,"column":0},"end":{"line":1,"column":53}},"1":{"start":{"line":3,"column":0},"end":{"line":3,"column":13}},"2":{"start":{"line":5,"column":2},"end":{"line":5,"column":null}}},"fnMap":{},"branchMap":{},"s":{"0":1,"1":1,"2":1},"f":{},"b":{}}
,"/home/ozzy/Escritorio/distributed_containers/src/container/module/container.module.ts": {"path":"/home/ozzy/Escritorio/distributed_containers/src/container/module/container.module.ts","statementMap":{"0":{"start":{"line":1,"column":0},"end":{"line":1,"column":40}},"1":{"start":{"line":2,"column":0},"end":{"line":2,"column":73}},"2":{"start":{"line":3,"column":0},"end":{"line":3,"column":64}},"3":{"start":{"line":5,"column":0},"end":{"line":5,"column":50}},"4":{"start":{"line":6,"column":0},"end":{"line":6,"column":62}},"5":{"start":{"line":7,"column":0},"end":{"line":7,"column":75}},"6":{"start":{"line":34,"column":7},"end":{"line":34,"column":null}},"7":{"start":{"line":34,"column":13},"end":{"line":34,"column":28}},"8":{"start":{"line":34,"column":13},"end":{"line":34,"column":null}}},"fnMap":{},"branchMap":{},"s":{"0":0,"1":0,"2":0,"3":0,"4":0,"5":0,"6":0,"7":0,"8":0},"f":{},"b":{}}
,"/home/ozzy/Escritorio/distributed_containers/src/container/repositories/container.repository.ts": {"path":"/home/ozzy/Escritorio/distributed_containers/src/container/repositories/container.repository.ts","statementMap":{"0":{"start":{"line":1,"column":0},"end":{"line":1,"column":44}},"1":{"start":{"line":2,"column":0},"end":{"line":2,"column":47}},"2":{"start":{"line":3,"column":0},"end":{"line":3,"column":33}},"3":{"start":{"line":5,"column":0},"end":{"line":5,"column":33}},"4":{"start":{"line":15,"column":7},"end":{"line":52,"column":null}},"5":{"start":{"line":17,"column":47},"end":{"line":17,"column":63}},"6":{"start":{"line":21,"column":21},"end":{"line":21,"column":94}},"7":{"start":{"line":23,"column":4},"end":{"line":33,"column":5}},"8":{"start":{"line":24,"column":6},"end":{"line":24,"column":39}},"9":{"start":{"line":25,"column":6},"end":{"line":26,"column":28}},"10":{"start":{"line":28,"column":6},"end":{"line":32,"column":9}},"11":{"start":{"line":37,"column":4},"end":{"line":37,"column":72}},"12":{"start":{"line":41,"column":4},"end":{"line":46,"column":14}},"13":{"start":{"line":50,"column":4},"end":{"line":50,"column":55}},"14":{"start":{"line":15,"column":13},"end":{"line":15,"column":32}},"15":{"start":{"line":15,"column":13},"end":{"line":52,"column":null}}},"fnMap":{"0":{"name":"(anonymous_4)","decl":{"start":{"line":16,"column":2},"end":{"line":16,"column":null}},"loc":{"start":{"line":17,"column":87},"end":{"line":18,"column":6}}},"1":{"name":"(anonymous_5)","decl":{"start":{"line":20,"column":2},"end":{"line":20,"column":7}},"loc":{"start":{"line":20,"column":43},"end":{"line":34,"column":3}}},"2":{"name":"(anonymous_6)","decl":{"start":{"line":36,"column":2},"end":{"line":36,"column":7}},"loc":{"start":{"line":36,"column":27},"end":{"line":38,"column":3}}},"3":{"name":"(anonymous_7)","decl":{"start":{"line":40,"column":2},"end":{"line":40,"column":7}},"loc":{"start":{"line":40,"column":58},"end":{"line":47,"column":3}}},"4":{"name":"(anonymous_8)","decl":{"start":{"line":49,"column":2},"end":{"line":49,"column":7}},"loc":{"start":{"line":49,"column":22},"end":{"line":51,"column":3}}}},"branchMap":{"0":{"loc":{"start":{"line":23,"column":4},"end":{"line":33,"column":5}},"type":"if","locations":[{"start":{"line":23,"column":4},"end":{"line":33,"column":5}},{"start":{"line":27,"column":11},"end":{"line":33,"column":5}}]}},"s":{"0":1,"1":1,"2":1,"3":1,"4":1,"5":6,"6":2,"7":2,"8":1,"9":1,"10":1,"11":2,"12":1,"13":1,"14":1,"15":1},"f":{"0":6,"1":2,"2":2,"3":1,"4":1},"b":{"0":[1,1]}}
,"/home/ozzy/Escritorio/distributed_containers/src/container/schemas/container.schema.ts": {"path":"/home/ozzy/Escritorio/distributed_containers/src/container/schemas/container.schema.ts","statementMap":{"0":{"start":{"line":1,"column":0},"end":{"line":1,"column":34}},"1":{"start":{"line":3,"column":13},"end":{"line":7,"column":3}}},"fnMap":{},"branchMap":{},"s":{"0":0,"1":0},"f":{},"b":{}}
,"/home/ozzy/Escritorio/distributed_containers/src/container/service/container.service.ts": {"path":"/home/ozzy/Escritorio/distributed_containers/src/container/service/container.service.ts","statementMap":{"0":{"start":{"line":1,"column":0},"end":{"line":1,"column":52}},"1":{"start":{"line":5,"column":0},"end":{"line":5,"column":76}},"2":{"start":{"line":9,"column":7},"end":{"line":61,"column":null}},"3":{"start":{"line":12,"column":25},"end":{"line":12,"column":66}},"4":{"start":{"line":16,"column":8},"end":{"line":16,"column":57}},"5":{"start":{"line":20,"column":23},"end":{"line":20,"column":25}},"6":{"start":{"line":21,"column":26},"end":{"line":21,"column":75}},"7":{"start":{"line":23,"column":8},"end":{"line":27,"column":9}},"8":{"start":{"line":24,"column":12},"end":{"line":26,"column":null}},"9":{"start":{"line":29,"column":8},"end":{"line":29,"column":24}},"10":{"start":{"line":33,"column":21},"end":{"line":33,"column":39}},"11":{"start":{"line":35,"column":30},"end":{"line":38,"column":10}},"12":{"start":{"line":40,"column":25},"end":{"line":40,"column":49}},"13":{"start":{"line":41,"column":28},"end":{"line":41,"column":43}},"14":{"start":{"line":42,"column":28},"end":{"line":42,"column":36}},"15":{"start":{"line":44,"column":8},"end":{"line":54,"column":10}},"16":{"start":{"line":58,"column":21},"end":{"line":58,"column":41}},"17":{"start":{"line":59,"column":8},"end":{"line":59,"column":null}},"18":{"start":{"line":9,"column":13},"end":{"line":9,"column":29}},"19":{"start":{"line":9,"column":13},"end":{"line":61,"column":null}}},"fnMap":{"0":{"name":"(anonymous_4)","decl":{"start":{"line":10,"column":4},"end":{"line":10,"column":null}},"loc":{"start":{"line":12,"column":66},"end":{"line":13,"column":8}}},"1":{"name":"(anonymous_5)","decl":{"start":{"line":15,"column":4},"end":{"line":15,"column":9}},"loc":{"start":{"line":15,"column":31},"end":{"line":17,"column":5}}},"2":{"name":"(anonymous_6)","decl":{"start":{"line":19,"column":4},"end":{"line":19,"column":9}},"loc":{"start":{"line":19,"column":34},"end":{"line":30,"column":5}}},"3":{"name":"(anonymous_7)","decl":{"start":{"line":32,"column":4},"end":{"line":32,"column":9}},"loc":{"start":{"line":32,"column":60},"end":{"line":55,"column":5}}},"4":{"name":"(anonymous_8)","decl":{"start":{"line":57,"column":4},"end":{"line":57,"column":9}},"loc":{"start":{"line":57,"column":23},"end":{"line":60,"column":5}}}},"branchMap":{"0":{"loc":{"start":{"line":23,"column":8},"end":{"line":27,"column":9}},"type":"if","locations":[{"start":{"line":23,"column":8},"end":{"line":27,"column":9}}]},"1":{"loc":{"start":{"line":51,"column":22},"end":{"line":51,"column":51}},"type":"cond-expr","locations":[{"start":{"line":51,"column":36},"end":{"line":51,"column":44}},{"start":{"line":51,"column":47},"end":{"line":51,"column":51}}]},"2":{"loc":{"start":{"line":52,"column":22},"end":{"line":52,"column":51}},"type":"cond-expr","locations":[{"start":{"line":52,"column":36},"end":{"line":52,"column":44}},{"start":{"line":52,"column":47},"end":{"line":52,"column":51}}]}},"s":{"0":2,"1":2,"2":2,"3":7,"4":1,"5":2,"6":2,"7":2,"8":2,"9":2,"10":1,"11":1,"12":1,"13":1,"14":1,"15":1,"16":0,"17":0,"18":2,"19":2},"f":{"0":7,"1":1,"2":2,"3":1,"4":0},"b":{"0":[2],"1":[0,1],"2":[0,1]}}
,"/home/ozzy/Escritorio/distributed_containers/src/events/controller/events.controller.ts": {"path":"/home/ozzy/Escritorio/distributed_containers/src/events/controller/events.controller.ts","statementMap":{"0":{"start":{"line":1,"column":0},"end":{"line":1,"column":75}},"1":{"start":{"line":2,"column":0},"end":{"line":2,"column":58}},"2":{"start":{"line":4,"column":0},"end":{"line":4,"column":72}},"3":{"start":{"line":8,"column":7},"end":{"line":21,"column":null}},"4":{"start":{"line":11,"column":25},"end":{"line":11,"column":54}},"5":{"start":{"line":18,"column":8},"end":{"line":18,"column":49}},"6":{"start":{"line":19,"column":8},"end":{"line":19,"column":null}},"7":{"start":{"line":8,"column":13},"end":{"line":8,"column":29}},"8":{"start":{"line":15,"column":10},"end":{"line":20,"column":null}},"9":{"start":{"line":8,"column":13},"end":{"line":21,"column":null}}},"fnMap":{"0":{"name":"(anonymous_4)","decl":{"start":{"line":9,"column":4},"end":{"line":9,"column":null}},"loc":{"start":{"line":11,"column":54},"end":{"line":12,"column":8}}},"1":{"name":"(anonymous_5)","decl":{"start":{"line":15,"column":4},"end":{"line":15,"column":9}},"loc":{"start":{"line":16,"column":39},"end":{"line":20,"column":5}}}},"branchMap":{},"s":{"0":1,"1":1,"2":1,"3":1,"4":1,"5":1,"6":1,"7":1,"8":1,"9":1},"f":{"0":1,"1":1},"b":{}}
,"/home/ozzy/Escritorio/distributed_containers/src/events/dtos/create-event.dto.ts": {"path":"/home/ozzy/Escritorio/distributed_containers/src/events/dtos/create-event.dto.ts","statementMap":{"0":{"start":{"line":1,"column":0},"end":{"line":1,"column":54}},"1":{"start":{"line":3,"column":0},"end":{"line":3,"column":13}},"2":{"start":{"line":5,"column":2},"end":{"line":5,"column":null}},"3":{"start":{"line":8,"column":2},"end":{"line":8,"column":null}},"4":{"start":{"line":11,"column":2},"end":{"line":11,"column":null}},"5":{"start":{"line":14,"column":2},"end":{"line":14,"column":null}}},"fnMap":{},"branchMap":{},"s":{"0":1,"1":1,"2":1,"3":1,"4":1,"5":1},"f":{},"b":{}}
,"/home/ozzy/Escritorio/distributed_containers/src/events/module/events.module.ts": {"path":"/home/ozzy/Escritorio/distributed_containers/src/events/module/events.module.ts","statementMap":{"0":{"start":{"line":1,"column":0},"end":{"line":1,"column":52}},"1":{"start":{"line":2,"column":0},"end":{"line":2,"column":58}},"2":{"start":{"line":3,"column":0},"end":{"line":3,"column":50}},"3":{"start":{"line":4,"column":0},"end":{"line":4,"column":54}},"4":{"start":{"line":5,"column":0},"end":{"line":5,"column":67}},"5":{"start":{"line":6,"column":0},"end":{"line":6,"column":69}},"6":{"start":{"line":7,"column":0},"end":{"line":7,"column":71}},"7":{"start":{"line":35,"column":7},"end":{"line":35,"column":null}},"8":{"start":{"line":35,"column":13},"end":{"line":35,"column":25}},"9":{"start":{"line":35,"column":13},"end":{"line":35,"column":null}},"10":{"start":{"line":13,"column":21},"end":{"line":13,"column":35}}},"fnMap":{"0":{"name":"(anonymous_1)","decl":{"start":{"line":13,"column":15},"end":{"line":13,"column":18}},"loc":{"start":{"line":13,"column":21},"end":{"line":13,"column":35}}}},"branchMap":{},"s":{"0":0,"1":0,"2":0,"3":0,"4":0,"5":0,"6":0,"7":0,"8":0,"9":0,"10":0},"f":{"0":0},"b":{}}
,"/home/ozzy/Escritorio/distributed_containers/src/events/repositories/events.repository.ts": {"path":"/home/ozzy/Escritorio/distributed_containers/src/events/repositories/events.repository.ts","statementMap":{"0":{"start":{"line":1,"column":0},"end":{"line":1,"column":44}},"1":{"start":{"line":2,"column":0},"end":{"line":2,"column":47}},"2":{"start":{"line":3,"column":0},"end":{"line":3,"column":33}},"3":{"start":{"line":17,"column":7},"end":{"line":68,"column":null}},"4":{"start":{"line":19,"column":43},"end":{"line":19,"column":55}},"5":{"start":{"line":23,"column":21},"end":{"line":23,"column":86}},"6":{"start":{"line":25,"column":19},"end":{"line":29,"column":6}},"7":{"start":{"line":31,"column":4},"end":{"line":39,"column":5}},"8":{"start":{"line":32,"column":6},"end":{"line":32,"column":42}},"9":{"start":{"line":33,"column":6},"end":{"line":33,"column":28}},"10":{"start":{"line":35,"column":6},"end":{"line":38,"column":9}},"11":{"start":{"line":43,"column":23},"end":{"line":63,"column":12}},"12":{"start":{"line":65,"column":4},"end":{"line":65,"column":59}},"13":{"start":{"line":66,"column":4},"end":{"line":66,"column":null}},"14":{"start":{"line":17,"column":13},"end":{"line":17,"column":29}},"15":{"start":{"line":17,"column":13},"end":{"line":68,"column":null}}},"fnMap":{"0":{"name":"(anonymous_4)","decl":{"start":{"line":18,"column":2},"end":{"line":18,"column":null}},"loc":{"start":{"line":19,"column":75},"end":{"line":20,"column":6}}},"1":{"name":"(anonymous_5)","decl":{"start":{"line":22,"column":2},"end":{"line":22,"column":7}},"loc":{"start":{"line":22,"column":36},"end":{"line":40,"column":3}}},"2":{"name":"(anonymous_6)","decl":{"start":{"line":42,"column":2},"end":{"line":42,"column":7}},"loc":{"start":{"line":42,"column":51},"end":{"line":67,"column":3}}}},"branchMap":{"0":{"loc":{"start":{"line":31,"column":4},"end":{"line":39,"column":5}},"type":"if","locations":[{"start":{"line":31,"column":4},"end":{"line":39,"column":5}},{"start":{"line":34,"column":11},"end":{"line":39,"column":5}}]},"1":{"loc":{"start":{"line":43,"column":23},"end":{"line":63,"column":12}},"type":"binary-expr","locations":[{"start":{"line":43,"column":23},"end":{"line":63,"column":6}},{"start":{"line":63,"column":10},"end":{"line":63,"column":12}}]},"2":{"loc":{"start":{"line":65,"column":12},"end":{"line":65,"column":58}},"type":"cond-expr","locations":[{"start":{"line":65,"column":28},"end":{"line":65,"column":33}},{"start":{"line":65,"column":35},"end":{"line":65,"column":58}}]}},"s":{"0":1,"1":1,"2":1,"3":1,"4":4,"5":2,"6":2,"7":2,"8":1,"9":1,"10":1,"11":2,"12":2,"13":2,"14":1,"15":1},"f":{"0":4,"1":2,"2":2},"b":{"0":[1,1],"1":[2,0],"2":[1,1]}}
,"/home/ozzy/Escritorio/distributed_containers/src/events/schemas/event.schema.ts": {"path":"/home/ozzy/Escritorio/distributed_containers/src/events/schemas/event.schema.ts","statementMap":{"0":{"start":{"line":1,"column":0},"end":{"line":1,"column":34}},"1":{"start":{"line":3,"column":13},"end":{"line":12,"column":3}},"2":{"start":{"line":14,"column":0},"end":{"line":14,"column":53}}},"fnMap":{},"branchMap":{},"s":{"0":0,"1":0,"2":0},"f":{},"b":{}}
,"/home/ozzy/Escritorio/distributed_containers/src/events/service/events.service.ts": {"path":"/home/ozzy/Escritorio/distributed_containers/src/events/service/events.service.ts","statementMap":{"0":{"start":{"line":1,"column":0},"end":{"line":1,"column":52}},"1":{"start":{"line":9,"column":7},"end":{"line":25,"column":null}},"2":{"start":{"line":12,"column":25},"end":{"line":12,"column":60}},"3":{"start":{"line":14,"column":25},"end":{"line":14,"column":74}},"4":{"start":{"line":18,"column":8},"end":{"line":18,"column":50}},"5":{"start":{"line":19,"column":8},"end":{"line":19,"column":71}},"6":{"start":{"line":23,"column":8},"end":{"line":23,"column":74}},"7":{"start":{"line":9,"column":13},"end":{"line":9,"column":26}},"8":{"start":{"line":9,"column":13},"end":{"line":25,"column":null}}},"fnMap":{"0":{"name":"(anonymous_4)","decl":{"start":{"line":10,"column":4},"end":{"line":10,"column":null}},"loc":{"start":{"line":14,"column":74},"end":{"line":15,"column":8}}},"1":{"name":"(anonymous_5)","decl":{"start":{"line":17,"column":4},"end":{"line":17,"column":9}},"loc":{"start":{"line":17,"column":38},"end":{"line":20,"column":5}}},"2":{"name":"(anonymous_6)","decl":{"start":{"line":22,"column":4},"end":{"line":22,"column":9}},"loc":{"start":{"line":22,"column":53},"end":{"line":24,"column":5}}}},"branchMap":{},"s":{"0":2,"1":2,"2":2,"3":2,"4":1,"5":1,"6":1,"7":2,"8":2},"f":{"0":2,"1":1,"2":1},"b":{}}
,"/home/ozzy/Escritorio/distributed_containers/src/rabbitmq/controller/rabbitmq.controller.ts": {"path":"/home/ozzy/Escritorio/distributed_containers/src/rabbitmq/controller/rabbitmq.controller.ts","statementMap":{"0":{"start":{"line":1,"column":0},"end":{"line":1,"column":52}},"1":{"start":{"line":2,"column":0},"end":{"line":2,"column":62}},"2":{"start":{"line":4,"column":0},"end":{"line":4,"column":59}},"3":{"start":{"line":8,"column":7},"end":{"line":19,"column":null}},"4":{"start":{"line":11,"column":21},"end":{"line":11,"column":54}},"5":{"start":{"line":16,"column":4},"end":{"line":16,"column":48}},"6":{"start":{"line":17,"column":4},"end":{"line":17,"column":null}},"7":{"start":{"line":8,"column":13},"end":{"line":8,"column":31}},"8":{"start":{"line":15,"column":8},"end":{"line":18,"column":null}},"9":{"start":{"line":8,"column":13},"end":{"line":19,"column":null}}},"fnMap":{"0":{"name":"(anonymous_4)","decl":{"start":{"line":9,"column":2},"end":{"line":9,"column":null}},"loc":{"start":{"line":11,"column":54},"end":{"line":12,"column":6}}},"1":{"name":"(anonymous_5)","decl":{"start":{"line":15,"column":2},"end":{"line":15,"column":7}},"loc":{"start":{"line":15,"column":51},"end":{"line":18,"column":3}}}},"branchMap":{},"s":{"0":1,"1":1,"2":1,"3":1,"4":4,"5":4,"6":4,"7":1,"8":1,"9":1},"f":{"0":4,"1":4},"b":{}}
,"/home/ozzy/Escritorio/distributed_containers/src/rabbitmq/dtos/create-event.dto.ts": {"path":"/home/ozzy/Escritorio/distributed_containers/src/rabbitmq/dtos/create-event.dto.ts","statementMap":{"0":{"start":{"line":1,"column":0},"end":{"line":1,"column":54}},"1":{"start":{"line":3,"column":0},"end":{"line":3,"column":13}},"2":{"start":{"line":5,"column":2},"end":{"line":5,"column":null}},"3":{"start":{"line":8,"column":2},"end":{"line":8,"column":null}},"4":{"start":{"line":11,"column":2},"end":{"line":11,"column":null}},"5":{"start":{"line":14,"column":2},"end":{"line":14,"column":null}}},"fnMap":{},"branchMap":{},"s":{"0":1,"1":1,"2":1,"3":1,"4":1,"5":1},"f":{},"b":{}}
,"/home/ozzy/Escritorio/distributed_containers/src/rabbitmq/module/rabbitmq.module.ts": {"path":"/home/ozzy/Escritorio/distributed_containers/src/rabbitmq/module/rabbitmq.module.ts","statementMap":{"0":{"start":{"line":1,"column":0},"end":{"line":1,"column":52}},"1":{"start":{"line":2,"column":0},"end":{"line":2,"column":79}},"2":{"start":{"line":3,"column":0},"end":{"line":3,"column":65}},"3":{"start":{"line":4,"column":0},"end":{"line":4,"column":71}},"4":{"start":{"line":5,"column":0},"end":{"line":5,"column":62}},"5":{"start":{"line":6,"column":0},"end":{"line":6,"column":65}},"6":{"start":{"line":7,"column":0},"end":{"line":7,"column":74}},"7":{"start":{"line":8,"column":0},"end":{"line":8,"column":27}},"8":{"start":{"line":47,"column":7},"end":{"line":47,"column":null}},"9":{"start":{"line":47,"column":13},"end":{"line":47,"column":27}},"10":{"start":{"line":47,"column":13},"end":{"line":47,"column":null}},"11":{"start":{"line":27,"column":21},"end":{"line":27,"column":33}}},"fnMap":{"0":{"name":"(anonymous_1)","decl":{"start":{"line":27,"column":15},"end":{"line":27,"column":18}},"loc":{"start":{"line":27,"column":21},"end":{"line":27,"column":33}}}},"branchMap":{},"s":{"0":0,"1":0,"2":0,"3":0,"4":0,"5":0,"6":0,"7":0,"8":0,"9":0,"10":0,"11":0},"f":{"0":0},"b":{}}
,"/home/ozzy/Escritorio/distributed_containers/src/rabbitmq/service/rabbitmq-producer.service.ts": {"path":"/home/ozzy/Escritorio/distributed_containers/src/rabbitmq/service/rabbitmq-producer.service.ts","statementMap":{"0":{"start":{"line":1,"column":0},"end":{"line":1,"column":52}},"1":{"start":{"line":2,"column":0},"end":{"line":2,"column":50}},"2":{"start":{"line":6,"column":7},"end":{"line":19,"column":null}},"3":{"start":{"line":9,"column":25},"end":{"line":9,"column":33}},"4":{"start":{"line":13,"column":8},"end":{"line":13,"column":36}},"5":{"start":{"line":17,"column":8},"end":{"line":17,"column":52}},"6":{"start":{"line":6,"column":13},"end":{"line":6,"column":36}},"7":{"start":{"line":6,"column":13},"end":{"line":19,"column":null}}},"fnMap":{"0":{"name":"(anonymous_4)","decl":{"start":{"line":7,"column":4},"end":{"line":7,"column":null}},"loc":{"start":{"line":9,"column":42},"end":{"line":10,"column":8}}},"1":{"name":"(anonymous_5)","decl":{"start":{"line":12,"column":4},"end":{"line":12,"column":9}},"loc":{"start":{"line":12,"column":22},"end":{"line":14,"column":5}}},"2":{"name":"(anonymous_6)","decl":{"start":{"line":16,"column":4},"end":{"line":16,"column":9}},"loc":{"start":{"line":16,"column":41},"end":{"line":18,"column":5}}}},"branchMap":{},"s":{"0":0,"1":0,"2":0,"3":0,"4":0,"5":0,"6":0,"7":0},"f":{"0":0,"1":0,"2":0},"b":{}}
,"/home/ozzy/Escritorio/distributed_containers/src/rabbitmq/service/rabbitmq.service.ts": {"path":"/home/ozzy/Escritorio/distributed_containers/src/rabbitmq/service/rabbitmq.service.ts","statementMap":{"0":{"start":{"line":1,"column":0},"end":{"line":1,"column":52}},"1":{"start":{"line":5,"column":0},"end":{"line":5,"column":74}},"2":{"start":{"line":6,"column":0},"end":{"line":6,"column":74}},"3":{"start":{"line":11,"column":7},"end":{"line":43,"column":null}},"4":{"start":{"line":15,"column":25},"end":{"line":15,"column":54}},"5":{"start":{"line":17,"column":25},"end":{"line":17,"column":60}},"6":{"start":{"line":21,"column":25},"end":{"line":21,"column":30}},"7":{"start":{"line":22,"column":29},"end":{"line":22,"column":104}},"8":{"start":{"line":24,"column":28},"end":{"line":24,"column":90}},"9":{"start":{"line":26,"column":31},"end":{"line":29,"column":null}},"10":{"start":{"line":31,"column":33},"end":{"line":34,"column":10}},"11":{"start":{"line":36,"column":8},"end":{"line":36,"column":38}},"12":{"start":{"line":38,"column":8},"end":{"line":41,"column":9}},"13":{"start":{"line":39,"column":28},"end":{"line":39,"column":86}},"14":{"start":{"line":40,"column":12},"end":{"line":40,"column":56}},"15":{"start":{"line":11,"column":13},"end":{"line":11,"column":28}},"16":{"start":{"line":11,"column":13},"end":{"line":43,"column":null}}},"fnMap":{"0":{"name":"(anonymous_4)","decl":{"start":{"line":13,"column":4},"end":{"line":13,"column":null}},"loc":{"start":{"line":17,"column":60},"end":{"line":18,"column":8}}},"1":{"name":"(anonymous_5)","decl":{"start":{"line":20,"column":4},"end":{"line":20,"column":9}},"loc":{"start":{"line":20,"column":42},"end":{"line":42,"column":5}}}},"branchMap":{"0":{"loc":{"start":{"line":22,"column":29},"end":{"line":22,"column":104}},"type":"binary-expr","locations":[{"start":{"line":22,"column":29},"end":{"line":22,"column":98}},{"start":{"line":22,"column":102},"end":{"line":22,"column":104}}]},"1":{"loc":{"start":{"line":36,"column":21},"end":{"line":36,"column":37}},"type":"binary-expr","locations":[{"start":{"line":36,"column":21},"end":{"line":36,"column":27}},{"start":{"line":36,"column":31},"end":{"line":36,"column":37}}]},"2":{"loc":{"start":{"line":38,"column":8},"end":{"line":41,"column":9}},"type":"if","locations":[{"start":{"line":38,"column":8},"end":{"line":41,"column":9}}]}},"s":{"0":1,"1":1,"2":1,"3":1,"4":4,"5":4,"6":4,"7":4,"8":4,"9":4,"10":4,"11":4,"12":4,"13":2,"14":2,"15":1,"16":1},"f":{"0":4,"1":4},"b":{"0":[4,0],"1":[4,3],"2":[2]}}
,"/home/ozzy/Escritorio/distributed_containers/src/rabbitmq/validation/quorum-criterio.validation.ts": {"path":"/home/ozzy/Escritorio/distributed_containers/src/rabbitmq/validation/quorum-criterio.validation.ts","statementMap":{"0":{"start":{"line":5,"column":37},"end":{"line":5,"column":38}},"1":{"start":{"line":10,"column":8},"end":{"line":10,"column":35}},"2":{"start":{"line":11,"column":8},"end":{"line":11,"column":53}},"3":{"start":{"line":15,"column":23},"end":{"line":15,"column":28}},"4":{"start":{"line":17,"column":8},"end":{"line":17,"column":52}},"5":{"start":{"line":17,"column":36},"end":{"line":17,"column":52}},"6":{"start":{"line":19,"column":53},"end":{"line":19,"column":55}},"7":{"start":{"line":21,"column":8},"end":{"line":23,"column":9}},"8":{"start":{"line":22,"column":12},"end":{"line":22,"column":81}},"9":{"start":{"line":25,"column":8},"end":{"line":27,"column":9}},"10":{"start":{"line":26,"column":12},"end":{"line":26,"column":null}},"11":{"start":{"line":29,"column":8},"end":{"line":29,"column":24}},"12":{"start":{"line":4,"column":0},"end":{"line":4,"column":13}}},"fnMap":{"0":{"name":"(anonymous_0)","decl":{"start":{"line":9,"column":4},"end":{"line":9,"column":17}},"loc":{"start":{"line":9,"column":48},"end":{"line":12,"column":5}}},"1":{"name":"(anonymous_1)","decl":{"start":{"line":14,"column":4},"end":{"line":14,"column":11}},"loc":{"start":{"line":14,"column":11},"end":{"line":30,"column":5}}}},"branchMap":{"0":{"loc":{"start":{"line":17,"column":8},"end":{"line":17,"column":52}},"type":"if","locations":[{"start":{"line":17,"column":8},"end":{"line":17,"column":52}}]},"1":{"loc":{"start":{"line":22,"column":43},"end":{"line":22,"column":75}},"type":"binary-expr","locations":[{"start":{"line":22,"column":43},"end":{"line":22,"column":70}},{"start":{"line":22,"column":74},"end":{"line":22,"column":75}}]},"2":{"loc":{"start":{"line":25,"column":8},"end":{"line":27,"column":9}},"type":"if","locations":[{"start":{"line":25,"column":8},"end":{"line":27,"column":9}}]},"3":{"loc":{"start":{"line":25,"column":12},"end":{"line":25,"column":112}},"type":"binary-expr","locations":[{"start":{"line":25,"column":12},"end":{"line":25,"column":49}},{"start":{"line":25,"column":53},"end":{"line":25,"column":112}}]}},"s":{"0":4,"1":4,"2":4,"3":4,"4":4,"5":1,"6":3,"7":3,"8":9,"9":3,"10":1,"11":3,"12":1},"f":{"0":4,"1":4},"b":{"0":[1],"1":[9,6],"2":[1],"3":[3,3]}}
,"/home/ozzy/Escritorio/distributed_containers/src/rabbitmq/validation/sensor-priority.validation.ts": {"path":"/home/ozzy/Escritorio/distributed_containers/src/rabbitmq/validation/sensor-priority.validation.ts","statementMap":{"0":{"start":{"line":9,"column":8},"end":{"line":9,"column":35}},"1":{"start":{"line":10,"column":8},"end":{"line":10,"column":53}},"2":{"start":{"line":14,"column":23},"end":{"line":14,"column":28}},"3":{"start":{"line":15,"column":8},"end":{"line":15,"column":52}},"4":{"start":{"line":15,"column":36},"end":{"line":15,"column":52}},"5":{"start":{"line":16,"column":38},"end":{"line":16,"column":65}},"6":{"start":{"line":18,"column":26},"end":{"line":18,"column":43}},"7":{"start":{"line":20,"column":8},"end":{"line":22,"column":9}},"8":{"start":{"line":21,"column":12},"end":{"line":21,"column":28}},"9":{"start":{"line":24,"column":8},"end":{"line":24,"column":24}},"10":{"start":{"line":4,"column":0},"end":{"line":4,"column":13}}},"fnMap":{"0":{"name":"(anonymous_0)","decl":{"start":{"line":8,"column":4},"end":{"line":8,"column":17}},"loc":{"start":{"line":8,"column":48},"end":{"line":11,"column":5}}},"1":{"name":"(anonymous_1)","decl":{"start":{"line":13,"column":4},"end":{"line":13,"column":11}},"loc":{"start":{"line":13,"column":11},"end":{"line":25,"column":5}}}},"branchMap":{"0":{"loc":{"start":{"line":15,"column":8},"end":{"line":15,"column":52}},"type":"if","locations":[{"start":{"line":15,"column":8},"end":{"line":15,"column":52}}]},"1":{"loc":{"start":{"line":20,"column":8},"end":{"line":22,"column":9}},"type":"if","locations":[{"start":{"line":20,"column":8},"end":{"line":22,"column":9}}]}},"s":{"0":4,"1":4,"2":4,"3":4,"4":1,"5":3,"6":3,"7":3,"8":1,"9":3,"10":1},"f":{"0":4,"1":4},"b":{"0":[1],"1":[1]}}
,"/home/ozzy/Escritorio/distributed_containers/src/token/controller/token.controller.ts": {"path":"/home/ozzy/Escritorio/distributed_containers/src/token/controller/token.controller.ts","statementMap":{"0":{"start":{"line":1,"column":0},"end":{"line":1,"column":50}},"1":{"start":{"line":2,"column":0},"end":{"line":2,"column":76}},"2":{"start":{"line":5,"column":7},"end":{"line":14,"column":null}},"3":{"start":{"line":8,"column":24},"end":{"line":10,"column":null}},"4":{"start":{"line":11,"column":39},"end":{"line":11,"column":73}},"5":{"start":{"line":12,"column":8},"end":{"line":12,"column":33}},"6":{"start":{"line":5,"column":13},"end":{"line":5,"column":28}},"7":{"start":{"line":7,"column":10},"end":{"line":13,"column":null}},"8":{"start":{"line":5,"column":13},"end":{"line":14,"column":null}}},"fnMap":{"0":{"name":"(anonymous_2)","decl":{"start":{"line":7,"column":4},"end":{"line":7,"column":9}},"loc":{"start":{"line":7,"column":18},"end":{"line":13,"column":5}}}},"branchMap":{},"s":{"0":1,"1":1,"2":1,"3":0,"4":0,"5":0,"6":1,"7":1,"8":1},"f":{"0":0},"b":{}}
,"/home/ozzy/Escritorio/distributed_containers/src/token/module/token.module.ts": {"path":"/home/ozzy/Escritorio/distributed_containers/src/token/module/token.module.ts","statementMap":{"0":{"start":{"line":1,"column":0},"end":{"line":1,"column":40}},"1":{"start":{"line":2,"column":0},"end":{"line":2,"column":65}},"2":{"start":{"line":8,"column":7},"end":{"line":8,"column":null}},"3":{"start":{"line":8,"column":13},"end":{"line":8,"column":24}},"4":{"start":{"line":8,"column":13},"end":{"line":8,"column":null}}},"fnMap":{},"branchMap":{},"s":{"0":0,"1":0,"2":0,"3":0,"4":0},"f":{},"b":{}}
}
