TN:
SF:src/app.module.ts
FNF:0
FNH:0
DA:1,0
DA:2,0
DA:3,0
DA:4,0
DA:5,0
DA:6,0
DA:8,0
DA:9,0
DA:31,0
LF:9
LH:0
BRF:0
BRH:0
end_of_record
TN:
SF:src/main.ts
FN:6,bootstrap
FNF:1
FNH:0
FNDA:0,bootstrap
DA:1,0
DA:2,0
DA:3,0
DA:4,0
DA:7,0
DA:8,0
DA:19,0
DA:28,0
DA:30,0
DA:32,0
LF:10
LH:0
BRF:0
BRH:0
end_of_record
TN:
SF:src/common/guards/header-auth.guard.ts
FN:11,(anonymous_1)
FNF:1
FNH:0
FNDA:0,(anonymous_1)
DA:1,2
DA:7,2
DA:10,2
DA:12,0
DA:13,0
DA:14,0
DA:15,0
DA:17,0
DA:18,0
DA:21,0
DA:22,0
DA:25,0
DA:26,0
DA:28,0
DA:31,0
LF:15
LH:3
BRDA:17,0,0,0
BRDA:17,1,0,0
BRDA:17,1,1,0
BRDA:21,2,0,0
BRF:4
BRH:0
end_of_record
TN:
SF:src/common/service/encryption.service.ts
FN:8,(anonymous_0)
FN:18,(anonymous_1)
FNF:2
FNH:0
FNDA:0,(anonymous_0)
FNDA:0,(anonymous_1)
DA:1,4
DA:3,4
DA:4,4
DA:5,4
DA:6,4
DA:9,0
DA:10,0
DA:11,0
DA:13,0
DA:15,0
DA:19,0
DA:20,0
DA:21,0
DA:22,0
LF:14
LH:5
BRF:0
BRH:0
end_of_record
TN:
SF:src/container/controller/container.controller.ts
FN:9,(anonymous_4)
FN:15,(anonymous_5)
FN:22,(anonymous_6)
FNF:3
FNH:3
FNDA:3,(anonymous_4)
FNDA:1,(anonymous_5)
FNDA:1,(anonymous_6)
DA:1,1
DA:2,1
DA:4,1
DA:8,1
DA:11,3
DA:15,1
DA:18,1
DA:22,1
DA:26,1
LF:9
LH:9
BRDA:23,0,0,0
BRDA:24,1,0,0
BRF:2
BRH:0
end_of_record
TN:
SF:src/container/dto/param.dto.ts
FNF:0
FNH:0
DA:1,1
DA:3,1
DA:5,1
LF:3
LH:3
BRF:0
BRH:0
end_of_record
TN:
SF:src/container/module/container.module.ts
FNF:0
FNH:0
DA:1,0
DA:2,0
DA:3,0
DA:5,0
DA:6,0
DA:7,0
DA:34,0
LF:7
LH:0
BRF:0
BRH:0
end_of_record
TN:
SF:src/container/repositories/container.repository.ts
FN:16,(anonymous_4)
FN:20,(anonymous_5)
FN:36,(anonymous_6)
FN:40,(anonymous_7)
FN:49,(anonymous_8)
FNF:5
FNH:5
FNDA:6,(anonymous_4)
FNDA:2,(anonymous_5)
FNDA:2,(anonymous_6)
FNDA:1,(anonymous_7)
FNDA:1,(anonymous_8)
DA:1,1
DA:2,1
DA:3,1
DA:5,1
DA:15,1
DA:17,6
DA:21,2
DA:23,2
DA:24,1
DA:25,1
DA:28,1
DA:37,2
DA:41,1
DA:50,1
LF:14
LH:14
BRDA:23,0,0,1
BRDA:23,0,1,1
BRF:2
BRH:2
end_of_record
TN:
SF:src/container/schemas/container.schema.ts
FNF:0
FNH:0
DA:1,0
DA:3,0
LF:2
LH:0
BRF:0
BRH:0
end_of_record
TN:
SF:src/container/service/container.service.ts
FN:10,(anonymous_4)
FN:15,(anonymous_5)
FN:19,(anonymous_6)
FN:32,(anonymous_7)
FN:57,(anonymous_8)
FNF:5
FNH:4
FNDA:7,(anonymous_4)
FNDA:1,(anonymous_5)
FNDA:2,(anonymous_6)
FNDA:1,(anonymous_7)
FNDA:0,(anonymous_8)
DA:1,2
DA:5,2
DA:9,2
DA:12,7
DA:16,1
DA:20,2
DA:21,2
DA:23,2
DA:24,2
DA:29,2
DA:33,1
DA:35,1
DA:40,1
DA:41,1
DA:42,1
DA:44,1
DA:58,0
DA:59,0
LF:18
LH:16
BRDA:23,0,0,2
BRDA:51,1,0,0
BRDA:51,1,1,1
BRDA:52,2,0,0
BRDA:52,2,1,1
BRF:5
BRH:3
end_of_record
TN:
SF:src/events/controller/events.controller.ts
FN:9,(anonymous_4)
FN:15,(anonymous_5)
FNF:2
FNH:2
FNDA:1,(anonymous_4)
FNDA:1,(anonymous_5)
DA:1,1
DA:2,1
DA:4,1
DA:8,1
DA:11,1
DA:15,1
DA:18,1
DA:19,1
LF:8
LH:8
BRF:0
BRH:0
end_of_record
TN:
SF:src/events/dtos/create-event.dto.ts
FNF:0
FNH:0
DA:1,1
DA:3,1
DA:5,1
DA:8,1
DA:11,1
DA:14,1
LF:6
LH:6
BRF:0
BRH:0
end_of_record
TN:
SF:src/events/module/events.module.ts
FN:13,(anonymous_1)
FNF:1
FNH:0
FNDA:0,(anonymous_1)
DA:1,0
DA:2,0
DA:3,0
DA:4,0
DA:5,0
DA:6,0
DA:7,0
DA:13,0
DA:35,0
LF:9
LH:0
BRF:0
BRH:0
end_of_record
TN:
SF:src/events/repositories/events.repository.ts
FN:18,(anonymous_4)
FN:22,(anonymous_5)
FN:42,(anonymous_6)
FNF:3
FNH:3
FNDA:4,(anonymous_4)
FNDA:2,(anonymous_5)
FNDA:2,(anonymous_6)
DA:1,1
DA:2,1
DA:3,1
DA:17,1
DA:19,4
DA:23,2
DA:25,2
DA:31,2
DA:32,1
DA:33,1
DA:35,1
DA:43,2
DA:65,2
DA:66,2
LF:14
LH:14
BRDA:31,0,0,1
BRDA:31,0,1,1
BRDA:43,1,0,2
BRDA:43,1,1,0
BRDA:65,2,0,1
BRDA:65,2,1,1
BRF:6
BRH:5
end_of_record
TN:
SF:src/events/schemas/event.schema.ts
FNF:0
FNH:0
DA:1,0
DA:3,0
DA:14,0
LF:3
LH:0
BRF:0
BRH:0
end_of_record
TN:
SF:src/events/service/events.service.ts
FN:10,(anonymous_4)
FN:17,(anonymous_5)
FN:22,(anonymous_6)
FNF:3
FNH:3
FNDA:2,(anonymous_4)
FNDA:1,(anonymous_5)
FNDA:1,(anonymous_6)
DA:1,2
DA:9,2
DA:12,2
DA:14,2
DA:18,1
DA:19,1
DA:23,1
LF:7
LH:7
BRF:0
BRH:0
end_of_record
TN:
SF:src/rabbitmq/controller/rabbitmq.controller.ts
FN:9,(anonymous_4)
FN:15,(anonymous_5)
FNF:2
FNH:2
FNDA:4,(anonymous_4)
FNDA:4,(anonymous_5)
DA:1,1
DA:2,1
DA:4,1
DA:8,1
DA:11,4
DA:15,1
DA:16,4
DA:17,4
LF:8
LH:8
BRF:0
BRH:0
end_of_record
TN:
SF:src/rabbitmq/dtos/create-event.dto.ts
FNF:0
FNH:0
DA:1,1
DA:3,1
DA:5,1
DA:8,1
DA:11,1
DA:14,1
LF:6
LH:6
BRF:0
BRH:0
end_of_record
TN:
SF:src/rabbitmq/module/rabbitmq.module.ts
FN:27,(anonymous_1)
FNF:1
FNH:0
FNDA:0,(anonymous_1)
DA:1,0
DA:2,0
DA:3,0
DA:4,0
DA:5,0
DA:6,0
DA:7,0
DA:8,0
DA:27,0
DA:47,0
LF:10
LH:0
BRF:0
BRH:0
end_of_record
TN:
SF:src/rabbitmq/service/rabbitmq-producer.service.ts
FN:7,(anonymous_4)
FN:12,(anonymous_5)
FN:16,(anonymous_6)
FNF:3
FNH:0
FNDA:0,(anonymous_4)
FNDA:0,(anonymous_5)
FNDA:0,(anonymous_6)
DA:1,0
DA:2,0
DA:6,0
DA:9,0
DA:13,0
DA:17,0
LF:6
LH:0
BRF:0
BRH:0
end_of_record
TN:
SF:src/rabbitmq/service/rabbitmq.service.ts
FN:13,(anonymous_4)
FN:20,(anonymous_5)
FNF:2
FNH:2
FNDA:4,(anonymous_4)
FNDA:4,(anonymous_5)
DA:1,1
DA:5,1
DA:6,1
DA:11,1
DA:15,4
DA:17,4
DA:21,4
DA:22,4
DA:24,4
DA:26,4
DA:31,4
DA:36,4
DA:38,4
DA:39,2
DA:40,2
LF:15
LH:15
BRDA:22,0,0,4
BRDA:22,0,1,0
BRDA:36,1,0,4
BRDA:36,1,1,3
BRDA:38,2,0,2
BRF:5
BRH:4
end_of_record
TN:
SF:src/rabbitmq/validation/quorum-criterio.validation.ts
FN:9,(anonymous_0)
FN:14,(anonymous_1)
FNF:2
FNH:2
FNDA:4,(anonymous_0)
FNDA:4,(anonymous_1)
DA:4,1
DA:5,4
DA:10,4
DA:11,4
DA:15,4
DA:17,4
DA:19,3
DA:21,3
DA:22,9
DA:25,3
DA:26,1
DA:29,3
LF:12
LH:12
BRDA:17,0,0,1
BRDA:22,1,0,9
BRDA:22,1,1,6
BRDA:25,2,0,1
BRDA:25,3,0,3
BRDA:25,3,1,3
BRF:6
BRH:6
end_of_record
TN:
SF:src/rabbitmq/validation/sensor-priority.validation.ts
FN:8,(anonymous_0)
FN:13,(anonymous_1)
FNF:2
FNH:2
FNDA:4,(anonymous_0)
FNDA:4,(anonymous_1)
DA:4,1
DA:9,4
DA:10,4
DA:14,4
DA:15,4
DA:16,3
DA:18,3
DA:20,3
DA:21,1
DA:24,3
LF:10
LH:10
BRDA:15,0,0,1
BRDA:20,1,0,1
BRF:2
BRH:2
end_of_record
TN:
SF:src/token/controller/token.controller.ts
FN:7,(anonymous_2)
FNF:1
FNH:0
FNDA:0,(anonymous_2)
DA:1,1
DA:2,1
DA:5,1
DA:7,1
DA:8,0
DA:11,0
DA:12,0
LF:7
LH:4
BRF:0
BRH:0
end_of_record
TN:
SF:src/token/module/token.module.ts
FNF:0
FNH:0
DA:1,0
DA:2,0
DA:8,0
LF:3
LH:0
BRF:0
BRH:0
end_of_record
